[DEBUG] Rendering course page for ID: cmio13v7u000164w1bhkqj8ej
[DEBUG] Locale: es
[DEBUG] Translations loaded: true
[DEBUG] Fetching course from Prisma...
[DEBUG] Rendering course page for ID: cmio13v7u000164w1bhkqj8ej
[DEBUG] Locale: es
[DEBUG] Translations loaded: true
[DEBUG] Fetching course from Prisma...
[DEBUG] Rendering course page for ID: cmio13v7u000164w1bhkqj8ej
[DEBUG] Locale: es
[DEBUG] Translations loaded: true
[DEBUG] Fetching course from Prisma...
[DEBUG] Course fetch result: Found
[DEBUG] Course title: Contravigilancia Para Protección Ejecutiva
[DEBUG] Modules count: 19
[DEBUG] Rendering course page for ID: cmio13v7u000164w1bhkqj8ej
[DEBUG] Locale: es
[DEBUG] Translations loaded: true
[DEBUG] Fetching course from Prisma...
[DEBUG] Course fetch result: Found
[DEBUG] Course title: Contravigilancia Para Protección Ejecutiva
[DEBUG] Modules count: 19
[DEBUG] Rendering course page for ID: cmio13v7u000164w1bhkqj8ej
[DEBUG] Locale: es
[DEBUG] Translations loaded: true
[DEBUG] Fetching course from Prisma...
[DEBUG] Course fetch result: Found
[DEBUG] Course title: Contravigilancia Para Protección Ejecutiva
[DEBUG] Modules count: 19
[DEBUG] Rendering course page for ID: cmio13v7u000164w1bhkqj8ej
[DEBUG] Locale: es
[DEBUG] Translations loaded: true
[DEBUG] Fetching course from Prisma...
[DEBUG] Course fetch result: Found
[DEBUG] Course title: Contravigilancia Para Protección Ejecutiva
[DEBUG] Modules count: 19
[DEBUG] Rendering course page for ID: cmio13v7u000164w1bhkqj8ej
[DEBUG] Locale: es
[DEBUG] Translations loaded: true
[DEBUG] Fetching course from Prisma...
[DEBUG] Course fetch result: Found
[DEBUG] Course title: Contravigilancia Para Protección Ejecutiva
[DEBUG] Modules count: 19
[DEBUG] Rendering course page for ID: cmio13v7u000164w1bhkqj8ej
[DEBUG] Locale: es
[DEBUG] Translations loaded: true
[DEBUG] Fetching course from Prisma...
[DEBUG] Course fetch result: Found
[DEBUG] Course title: Contravigilancia Para Protección Ejecutiva
[DEBUG] Modules count: 19
[DEBUG] Rendering course page for ID: cmio13v7u000164w1bhkqj8ej
[DEBUG] Locale: es
[DEBUG] Translations loaded: true
[DEBUG] Fetching course from Prisma...
[DEBUG] Course fetch result: Found
[DEBUG] Course title: Contravigilancia Para Protección Ejecutiva
[DEBUG] Modules count: 19
[DEBUG] Rendering course page for ID: cmio13v7u000164w1bhkqj8ej
[DEBUG] Locale: es
[DEBUG] Translations loaded: true
[DEBUG] Fetching course from Prisma...
[DEBUG] Course fetch result: Found
[DEBUG] Course title: Contravigilancia Para Protección Ejecutiva
[DEBUG] Modules count: 19
[DEBUG] Rendering course page for ID: cmio13v7u000164w1bhkqj8ej
[DEBUG] Locale: es
[DEBUG] Translations loaded: true
[DEBUG] Fetching course from Prisma...
[DEBUG] Course fetch result: Found
[DEBUG] Course title: Contravigilancia Para Protección Ejecutiva
[DEBUG] Modules count: 19
[DEBUG] Rendering course page for ID: cmio13v7u000164w1bhkqj8ej
[DEBUG] Locale: es
[DEBUG] Translations loaded: true
[DEBUG] Fetching course from Prisma...
[DEBUG] Course fetch result: Found
[DEBUG] Course title: Contravigilancia Para Protección Ejecutiva
[DEBUG] Modules count: 19
[DEBUG] Rendering course page for ID: cmio13v7u000164w1bhkqj8ej
[DEBUG] Locale: es
[DEBUG] Translations loaded: true
[DEBUG] Fetching course from Prisma...
[DEBUG] Course fetch result: Found
[DEBUG] Course title: Contravigilancia Para Protección Ejecutiva
[DEBUG] Modules count: 19
[DEBUG] Rendering course page for ID: cmio13v7u000164w1bhkqj8ej
[DEBUG] Locale: es
[DEBUG] Translations loaded: true
[DEBUG] Fetching course from Prisma...
[DEBUG] Course fetch result: Found
[DEBUG] Course title: Contravigilancia Para Protección Ejecutiva
[DEBUG] Modules count: 19
[DEBUG] Rendering course page for ID: cmio13v7u000164w1bhkqj8ej
[DEBUG] Locale: es
[DEBUG] Translations loaded: true
[DEBUG] Fetching course from Prisma...
[DEBUG] Course fetch result: Found
[DEBUG] Course title: Contravigilancia Para Protección Ejecutiva
[DEBUG] Modules count: 19
[DEBUG] Rendering course page for ID: cmio13v7u000164w1bhkqj8ej
[DEBUG] Locale: es
[DEBUG] Translations loaded: true
[DEBUG] Fetching course from Prisma...
[DEBUG] Course fetch result: Found
[DEBUG] Course title: Contravigilancia Para Protección Ejecutiva
[DEBUG] Modules count: 19
[DEBUG] Rendering course page for ID: cmio13v7u000164w1bhkqj8ej
[DEBUG] Locale: es
[DEBUG] Translations loaded: true
[DEBUG] Fetching course from Prisma...
[DEBUG] Course fetch result: Found
[DEBUG] Course title: Contravigilancia Para Protección Ejecutiva
[DEBUG] Modules count: 19
[DEBUG] Rendering course page for ID: cmio13v7u000164w1bhkqj8ej
[DEBUG] Locale: es
[DEBUG] Translations loaded: true
[DEBUG] Fetching course from Prisma...
[DEBUG] Course fetch result: Found
[DEBUG] Course title: Contravigilancia Para Protección Ejecutiva
[DEBUG] Modules count: 19
[DEBUG] Rendering course page for ID: cmio13v7u000164w1bhkqj8ej
[DEBUG] Locale: es
[DEBUG] Translations loaded: true
[DEBUG] Fetching course from Prisma...
[DEBUG] Course fetch result: Found
[DEBUG] Course title: Contravigilancia Para Protección Ejecutiva
[DEBUG] Modules count: 19
[DEBUG] Rendering course page for ID: cmio13v7u000164w1bhkqj8ej
[DEBUG] Locale: es
[DEBUG] Translations loaded: true
[DEBUG] Fetching course from Prisma...
[DEBUG] Course fetch result: Found
[DEBUG] Course title: Contravigilancia Para Protección Ejecutiva
[DEBUG] Modules count: 19
[DEBUG] Rendering course page for ID: cmio13v7u000164w1bhkqj8ej
[DEBUG] Locale: es
[DEBUG] Translations loaded: true
[DEBUG] Fetching course from Prisma...
[DEBUG] Course fetch result: Found
[DEBUG] Course title: Contravigilancia Para Protección Ejecutiva
[DEBUG] Modules count: 19
[DEBUG] Rendering course page for ID: cmio13v7u000164w1bhkqj8ej
[DEBUG] Locale: es
[DEBUG] Translations loaded: true
[DEBUG] Fetching course from Prisma...
[DEBUG] Course fetch result: Found
[DEBUG] Course title: Contravigilancia Para Protección Ejecutiva
[DEBUG] Modules count: 19
[DEBUG] Rendering course page for ID: cmio13v7u000164w1bhkqj8ej
[DEBUG] Locale: es
[DEBUG] Translations loaded: true
[DEBUG] Fetching course from Prisma...
[DEBUG] Course fetch result: Found
[DEBUG] Course title: Contravigilancia Para Protección Ejecutiva
[DEBUG] Modules count: 19
[DEBUG] Rendering course page for ID: cmio13v7u000164w1bhkqj8ej
[DEBUG] Locale: es
[DEBUG] Translations loaded: true
[DEBUG] Fetching course from Prisma...
[DEBUG] Course fetch result: Found
[DEBUG] Course title: Contravigilancia Para Protección Ejecutiva
[DEBUG] Modules count: 19
[DEBUG] Rendering course page for ID: cmio13v7u000164w1bhkqj8ej
[DEBUG] Locale: es
[DEBUG] Translations loaded: true
[DEBUG] Fetching course from Prisma...
[DEBUG] Course fetch result: Found
[DEBUG] Course title: Contravigilancia Para Protección Ejecutiva
[DEBUG] Modules count: 19
[DEBUG] Rendering course page for ID: cmio13v7u000164w1bhkqj8ej
[DEBUG] Locale: es
[DEBUG] Translations loaded: true
[DEBUG] Fetching course from Prisma...
[DEBUG] Course fetch result: Found
[DEBUG] Course title: Contravigilancia Para Protección Ejecutiva
[DEBUG] Modules count: 19
[DEBUG] Rendering course page for ID: cmio13v7u000164w1bhkqj8ej
[DEBUG] Locale: es
[DEBUG] Translations loaded: true
[DEBUG] Fetching course from Prisma...
[DEBUG] Course fetch result: Found
[DEBUG] Course title: Contravigilancia Para Protección Ejecutiva
[DEBUG] Modules count: 19
[DEBUG] Rendering course page for ID: cmio13v7u000164w1bhkqj8ej
[DEBUG] Locale: es
[DEBUG] Translations loaded: true
[DEBUG] Fetching course from Prisma...
[DEBUG] Course fetch result: Found
[DEBUG] Course title: Contravigilancia Para Protección Ejecutiva
[DEBUG] Modules count: 19
[DEBUG] Rendering course page for ID: cmio13v7u000164w1bhkqj8ej
[DEBUG] Locale: es
[DEBUG] Translations loaded: true
[DEBUG] Fetching course from Prisma...
[DEBUG] Course fetch result: Found
[DEBUG] Course title: Contravigilancia Para Protección Ejecutiva
[DEBUG] Modules count: 19
[DEBUG] Rendering course page for ID: cmio13v7u000164w1bhkqj8ej
[DEBUG] Locale: es
[DEBUG] Translations loaded: true
[DEBUG] Fetching course from Prisma...
[DEBUG] Course fetch result: Found
[DEBUG] Course title: Contravigilancia Para Protección Ejecutiva
[DEBUG] Modules count: 19
[DEBUG] Rendering course page for ID: cmio13v7u000164w1bhkqj8ej
[DEBUG] Locale: es
[DEBUG] Translations loaded: true
[DEBUG] Fetching course from Prisma...
[DEBUG] Course fetch result: Found
[DEBUG] Course title: Contravigilancia Para Protección Ejecutiva
[DEBUG] Modules count: 19
[DEBUG] Rendering course page for ID: cmio13v7u000164w1bhkqj8ej
[DEBUG] Locale: es
[DEBUG] Translations loaded: true
[DEBUG] Fetching course from Prisma...
[DEBUG] Course fetch result: Found
[DEBUG] Course title: Contravigilancia Para Protección Ejecutiva
[DEBUG] Modules count: 19
[DEBUG] Rendering course page for ID: cmio13v7u000164w1bhkqj8ej
[DEBUG] Locale: es
[DEBUG] Translations loaded: true
[DEBUG] Fetching course from Prisma...
[DEBUG] Course fetch result: Found
[DEBUG] Course title: Contravigilancia Para Protección Ejecutiva
[DEBUG] Modules count: 19
[DEBUG] Rendering course page for ID: cmio13v7u000164w1bhkqj8ej
[DEBUG] Locale: es
[DEBUG] Translations loaded: true
[DEBUG] Fetching course from Prisma...
[DEBUG] Course fetch result: Found
[DEBUG] Course title: Contravigilancia Para Protección Ejecutiva
[DEBUG] Modules count: 19
[DEBUG] Rendering course page for ID: cmio13v7u000164w1bhkqj8ej
[DEBUG] Locale: es
[DEBUG] Translations loaded: true
[DEBUG] Fetching course from Prisma...
[DEBUG] Course fetch result: Found
[DEBUG] Course title: Contravigilancia Para Protección Ejecutiva
[DEBUG] Modules count: 19
[DEBUG] Rendering course page for ID: cmio13v7u000164w1bhkqj8ej
[DEBUG] Locale: es
[DEBUG] Translations loaded: true
[DEBUG] Fetching course from Prisma...
[DEBUG] Course fetch result: Found
[DEBUG] Course title: Contravigilancia Para Protección Ejecutiva
[DEBUG] Modules count: 19
[DEBUG] Rendering course page for ID: cmio13v7u000164w1bhkqj8ej
[DEBUG] Locale: es
[DEBUG] Translations loaded: true
[DEBUG] Fetching course from Prisma...
[DEBUG] Course fetch result: Found
[DEBUG] Course title: Contravigilancia Para Protección Ejecutiva
[DEBUG] Modules count: 19
[DEBUG] Rendering course page for ID: cmio13v7u000164w1bhkqj8ej
[DEBUG] Locale: es
[DEBUG] Translations loaded: true
[DEBUG] Fetching course from Prisma...
[DEBUG] Course fetch result: Found
[DEBUG] Course title: Contravigilancia Para Protección Ejecutiva
[DEBUG] Modules count: 19
[DEBUG] Rendering course page for ID: cmio13v7u000164w1bhkqj8ej
[DEBUG] Locale: es
[DEBUG] Translations loaded: true
[DEBUG] Fetching course from Prisma...
[DEBUG] Course fetch result: Found
[DEBUG] Course title: Contravigilancia Para Protección Ejecutiva
[DEBUG] Modules count: 19
[DEBUG] Rendering course page for ID: cmio13v7u000164w1bhkqj8ej
[DEBUG] Locale: es
[DEBUG] Translations loaded: true
[DEBUG] Fetching course from Prisma...
[DEBUG] Course fetch result: Found
[DEBUG] Course title: Contravigilancia Para Protección Ejecutiva
[DEBUG] Modules count: 19
[DEBUG] Rendering course page for ID: cmio13v7u000164w1bhkqj8ej
[DEBUG] Locale: es
[DEBUG] Translations loaded: true
[DEBUG] Fetching course from Prisma...
[DEBUG] Course fetch result: Found
[DEBUG] Course title: Contravigilancia Para Protección Ejecutiva
[DEBUG] Modules count: 19
[DEBUG] Rendering course page for ID: cmio13v7u000164w1bhkqj8ej
[DEBUG] Locale: es
[DEBUG] Translations loaded: true
[DEBUG] Fetching course from Prisma...
[DEBUG] Course fetch result: Found
[DEBUG] Course title: Contravigilancia Para Protección Ejecutiva
[DEBUG] Modules count: 19
[DEBUG] Rendering course page for ID: cmio13v7u000164w1bhkqj8ej
[DEBUG] Locale: es
[DEBUG] Translations loaded: true
[DEBUG] Fetching course from Prisma...
[DEBUG] Course fetch result: Found
[DEBUG] Course title: Contravigilancia Para Protección Ejecutiva
[DEBUG] Modules count: 19
[DEBUG] Rendering course page for ID: cmio13v7u000164w1bhkqj8ej
[DEBUG] Locale: es
[DEBUG] Translations loaded: true
[DEBUG] Fetching course from Prisma...
[DEBUG] Course fetch result: Found
[DEBUG] Course title: Contravigilancia Para Protección Ejecutiva
[DEBUG] Modules count: 19
[DEBUG] Rendering course page for ID: cmio13v7u000164w1bhkqj8ej
[DEBUG] Locale: es
[DEBUG] Translations loaded: true
[DEBUG] Fetching course from Prisma...
[DEBUG] Course fetch result: Found
[DEBUG] Course title: Contravigilancia Para Protección Ejecutiva
[DEBUG] Modules count: 19
[DEBUG] Rendering course page for ID: cmio13v7u000164w1bhkqj8ej
[DEBUG] Locale: es
[DEBUG] Translations loaded: true
[DEBUG] Fetching course from Prisma...
[DEBUG] Course fetch result: Found
[DEBUG] Course title: Contravigilancia Para Protección Ejecutiva
[DEBUG] Modules count: 19
[DEBUG] Rendering course page for ID: cmio13v7u000164w1bhkqj8ej
[DEBUG] Locale: es
[DEBUG] Translations loaded: true
[DEBUG] Fetching course from Prisma...
[DEBUG] Course fetch result: Found
[DEBUG] Course title: Contravigilancia Para Protección Ejecutiva
[DEBUG] Modules count: 19
[DEBUG] Rendering course page for ID: cmio13v7u000164w1bhkqj8ej
[DEBUG] Locale: es
[DEBUG] Translations loaded: true
[DEBUG] Fetching course from Prisma...
[DEBUG] Course fetch result: Found
[DEBUG] Course title: Contravigilancia Para Protección Ejecutiva
[DEBUG] Modules count: 19
[DEBUG] Rendering course page for ID: cmio13v7u000164w1bhkqj8ej
[DEBUG] Locale: es
[DEBUG] Translations loaded: true
[DEBUG] Fetching course from Prisma...
[DEBUG] Course fetch result: Found
[DEBUG] Course title: Contravigilancia Para Protección Ejecutiva
[DEBUG] Modules count: 19
[DEBUG] Rendering course page for ID: cmio13v7u000164w1bhkqj8ej
[DEBUG] Locale: es
[DEBUG] Translations loaded: true
[DEBUG] Fetching course from Prisma...
[DEBUG] Course fetch result: Found
[DEBUG] Course title: Contravigilancia Para Protección Ejecutiva
[DEBUG] Modules count: 19
[DEBUG] Rendering course page for ID: cmio13v7u000164w1bhkqj8ej
[DEBUG] Locale: es
[DEBUG] Translations loaded: true
[DEBUG] Fetching course from Prisma...
[DEBUG] Course fetch result: Found
[DEBUG] Course title: Contravigilancia Para Protección Ejecutiva
[DEBUG] Modules count: 19
[DEBUG] Rendering course page for ID: cmio13v7u000164w1bhkqj8ej
[DEBUG] Locale: es
[DEBUG] Translations loaded: true
[DEBUG] Fetching course from Prisma...
[DEBUG] Course fetch result: Found
[DEBUG] Course title: Contravigilancia Para Protección Ejecutiva
[DEBUG] Modules count: 19
[DEBUG] Rendering course page for ID: cmio13v7u000164w1bhkqj8ej
[DEBUG] Locale: es
[DEBUG] Translations loaded: true
[DEBUG] Fetching course from Prisma...
[DEBUG] Course fetch result: Found
[DEBUG] Course title: Contravigilancia Para Protección Ejecutiva
[DEBUG] Modules count: 19
[DEBUG] Rendering course page for ID: cmio13v7u000164w1bhkqj8ej
[DEBUG] Locale: es
[DEBUG] Translations loaded: true
[DEBUG] Fetching course from Prisma...
[DEBUG] Course fetch result: Found
[DEBUG] Course title: Contravigilancia Para Protección Ejecutiva
[DEBUG] Modules count: 19
[DEBUG] Rendering course page for ID: cmio13v7u000164w1bhkqj8ej
[DEBUG] Locale: es
[DEBUG] Translations loaded: true
[DEBUG] Fetching course from Prisma...
[DEBUG] Course fetch result: Found
[DEBUG] Course title: Contravigilancia Para Protección Ejecutiva
[DEBUG] Modules count: 19
[DEBUG] Rendering course page for ID: cmio13v7u000164w1bhkqj8ej
[DEBUG] Locale: es
[DEBUG] Translations loaded: true
[DEBUG] Fetching course from Prisma...
[DEBUG] Course fetch result: Found
[DEBUG] Course title: Contravigilancia Para Protección Ejecutiva
[DEBUG] Modules count: 19
[DEBUG] Rendering course page for ID: cmio13v7u000164w1bhkqj8ej
[DEBUG] Locale: es
[DEBUG] Translations loaded: true
[DEBUG] Fetching course from Prisma...
[DEBUG] Course fetch result: Found
[DEBUG] Course title: Contravigilancia Para Protección Ejecutiva
[DEBUG] Modules count: 19
[DEBUG] Rendering course page for ID: cmio13v7r000064w1fs838sgw
[DEBUG] Locale: es
[DEBUG] Translations loaded: true
[DEBUG] Fetching course from Prisma...
[DEBUG] Course fetch result: Found
[DEBUG] Course title: Team Leader en Protección Ejecutiva
[DEBUG] Modules count: 26
[DEBUG] Rendering course page for ID: cmio13v7u000164w1bhkqj8ej
[DEBUG] Locale: es
[DEBUG] Translations loaded: true
[DEBUG] Fetching course from Prisma...
[DEBUG] Course fetch result: Found
[DEBUG] Course title: Contravigilancia Para Protección Ejecutiva
[DEBUG] Modules count: 19
[DEBUG] Rendering course page for ID: cmio13v7u000164w1bhkqj8ej
[DEBUG] Locale: es
[DEBUG] Translations loaded: true
[DEBUG] Fetching course from Prisma...
[DEBUG] Course fetch result: Found
[DEBUG] Course title: Contravigilancia Para Protección Ejecutiva
[DEBUG] Modules count: 19
[DEBUG] Rendering course page for ID: cmio13v7u000164w1bhkqj8ej
[DEBUG] Locale: es
[DEBUG] Translations loaded: true
[DEBUG] Fetching course from Prisma...
[DEBUG] Course fetch result: Found
[DEBUG] Course title: Contravigilancia Para Protección Ejecutiva
[DEBUG] Modules count: 19
[DEBUG] Rendering course page for ID: cmio13v7u000164w1bhkqj8ej
[DEBUG] Locale: es
[DEBUG] Translations loaded: true
[DEBUG] Fetching course from Prisma...
[DEBUG] Course fetch result: Found
[DEBUG] Course title: Contravigilancia Para Protección Ejecutiva
[DEBUG] Modules count: 19
[DEBUG] Rendering course page for ID: cmio13v7u000164w1bhkqj8ej
[DEBUG] Locale: es
[DEBUG] Translations loaded: true
[DEBUG] Fetching course from Prisma...
[DEBUG] Course fetch result: Found
[DEBUG] Course title: Contravigilancia Para Protección Ejecutiva
[DEBUG] Modules count: 19
[DEBUG] Rendering course page for ID: cmiq7oga703zjkvegaq8v1ir4
[DEBUG] Locale: en
[DEBUG] Translations loaded: true
[DEBUG] Fetching course from Prisma...
[DEBUG] Course fetch result: Found
[DEBUG] Course title: Counter Surveillance for Executive Protection
[DEBUG] Modules count: 18
