
> dashboard@0.1.0 dev
> next dev

[baseline-browser-mapping] The data in this module is over two months old.  To ensure accurate Baseline data, please update: `npm i baseline-browser-mapping@latest -D`
⚠ Warning: Next.js inferred your workspace root, but it may not be correct.
 We detected multiple lockfiles and selected the directory of /Users/carlosbeuvrin/package-lock.json as the root directory.
 To silence this warning, set `turbopack.root` in your Next.js config, or consider removing one of the lockfiles if it's not needed.
   See https://nextjs.org/docs/app/api-reference/config/next-config-js/turbopack#root-directory for more information.
 Detected additional lockfiles: 
   * /Users/carlosbeuvrin/Documents/KETING MEDIA/NUEVOS PROYECTOS ANTIGRAVITY/IVAN CODIGO/package-lock.json

▲ Next.js 16.1.0 (Turbopack)
- Local:         http://localhost:3000
- Network:       http://192.168.0.192:3000
- Environments: .env.local, .env

✓ Starting...
⚠ The "middleware" file convention is deprecated. Please use "proxy" instead. Learn more: https://nextjs.org/docs/messages/middleware-to-proxy
✓ Ready in 824ms
✅ Payment succeeded: pi_test_1772203316446
✅ Enrolled user cminq3e3800008kc59ibxag4x in course cmio13v7r000064w1fs838sgw
✅ Order cmm503hn40001v2s5gpqtmbzz completed and user enrolled via PaymentIntent
 POST /api/webhooks/stripe 200 in 3.6s (compile: 164ms, render: 3.4s)
